<?xml version="1.0" encoding="UTF-8"?>
<testsuite xmlns:xsi="http://www.w3.org/2001/XMLSchema-instance" xsi:noNamespaceSchemaLocation="https://maven.apache.org/surefire/maven-surefire-plugin/xsd/surefire-test-report.xsd" name="ru.netology.Repository.RepositoryTest" time="0.075" tests="5" errors="0" skipped="0" failures="0">
  <properties>
[...]
</properties>
  <testcase name="remoteTicketById" classname="ru.netology.Repository.RepositoryTest" time="0.048"/>
  <testcase name="findAllWhenRepositoryIsEmpty" classname="ru.netology.Repository.RepositoryTest" time="0"/>
  <testcase name="findAllWhenRepositoryHas1Ticket" classname="ru.netology.Repository.RepositoryTest" time="0.001"/>
  <testcase name="saveNewTicket" classname="ru.netology.Repository.RepositoryTest" time="0.001"/>
  <testcase name="findAllWhenRepositoryHas3Tickets" classname="ru.netology.Repository.RepositoryTest" time="0.002"/>
</testsuite>